<?xml version="1.0" encoding="UTF-8"?>
<testng-results ignored="0" total="1" passed="1" failed="0" skipped="0">
  <reporter-output>
  </reporter-output>
  <suite started-at="2024-11-26T23:55:26 IST" name="Default suite" finished-at="2024-11-26T23:55:37 IST" duration-ms="11353">
    <groups>
    </groups>
    <test started-at="2024-11-26T23:55:26 IST" name="Default test" finished-at="2024-11-26T23:55:37 IST" duration-ms="11353">
      <class name="tests.EndToEndScenario">
        <test-method is-config="true" signature="setup()[pri:0, instance:tests.EndToEndScenario@48aca48b]" started-at="2024-11-26T23:55:26 IST" name="setup" finished-at="2024-11-26T23:55:29 IST" duration-ms="3182" status="PASS">
          <reporter-output>
          </reporter-output>
        </test-method> <!-- setup -->
        <test-method signature="endToEndScenario()[pri:0, instance:tests.EndToEndScenario@48aca48b]" started-at="2024-11-26T23:55:29 IST" name="endToEndScenario" finished-at="2024-11-26T23:55:37 IST" duration-ms="8099" status="PASS">
          <reporter-output>
          </reporter-output>
        </test-method> <!-- endToEndScenario -->
      </class> <!-- tests.EndToEndScenario -->
    </test> <!-- Default test -->
  </suite> <!-- Default suite -->
</testng-results>
